<?xml version="1.0" encoding="UTF-8"?>
<!-- Generated by org.testng.reporters.JUnitReportReporter -->
<testsuite hostname="Lucky" failures="0" tests="2" name="sample.JenkinsExample" time="0.013" errors="0" timestamp="2022-10-06T11:08:02 IST" skipped="0">
  <testcase classname="sample.JenkinsExample" name="verifyWithInValidCredentials" time="0.013"/>
  <system-out/>
  <testcase classname="sample.JenkinsExample" name="verifyWithValidCredentials" time="0.000"/>
  <system-out/>
</testsuite> <!-- sample.JenkinsExample -->
